  LinkedList_Circul.c
C:\Code_work\C\C_Library\C_Library\C_Library\LinkedList_Circul.c(9,2): error C2061: 구문 오류: 식별자 'linkedList'
C:\Code_work\C\C_Library\C_Library\C_Library\LinkedList_Circul.c(10,1): error C2059: 구문 오류: '}'
C:\Code_work\C\C_Library\C_Library\C_Library\LinkedList_Circul.c(12,11): error C2143: 구문 오류: '{'이(가) '*' 앞에 없습니다.
C:\Code_work\C\C_Library\C_Library\C_Library\LinkedList_Circul.c(13,32): error C2143: 구문 오류: ')'이(가) '*' 앞에 없습니다.
C:\Code_work\C\C_Library\C_Library\C_Library\LinkedList_Circul.c(13,32): error C2143: 구문 오류: '{'이(가) '*' 앞에 없습니다.
C:\Code_work\C\C_Library\C_Library\C_Library\LinkedList_Circul.c(13,35): error C2059: 구문 오류: ')'
C:\Code_work\C\C_Library\C_Library\C_Library\LinkedList_Circul.c(14,32): error C2143: 구문 오류: ')'이(가) '*' 앞에 없습니다.
C:\Code_work\C\C_Library\C_Library\C_Library\LinkedList_Circul.c(14,32): error C2143: 구문 오류: '{'이(가) '*' 앞에 없습니다.
C:\Code_work\C\C_Library\C_Library\C_Library\LinkedList_Circul.c(14,41): error C2059: 구문 오류: '형식'
C:\Code_work\C\C_Library\C_Library\C_Library\LinkedList_Circul.c(14,45): error C2059: 구문 오류: ')'
C:\Code_work\C\C_Library\C_Library\C_Library\LinkedList_Circul.c(15,27): error C2143: 구문 오류: ')'이(가) '*' 앞에 없습니다.
C:\Code_work\C\C_Library\C_Library\C_Library\LinkedList_Circul.c(15,27): error C2143: 구문 오류: '{'이(가) '*' 앞에 없습니다.
C:\Code_work\C\C_Library\C_Library\C_Library\LinkedList_Circul.c(15,42): error C2143: 구문 오류: ';'이(가) '*' 앞에 없습니다.
C:\Code_work\C\C_Library\C_Library\C_Library\LinkedList_Circul.c(15,53): error C2059: 구문 오류: '형식'
C:\Code_work\C\C_Library\C_Library\C_Library\LinkedList_Circul.c(15,57): error C2059: 구문 오류: ')'
C:\Code_work\C\C_Library\C_Library\C_Library\LinkedList_Circul.c(16,27): error C2143: 구문 오류: ')'이(가) '*' 앞에 없습니다.
C:\Code_work\C\C_Library\C_Library\C_Library\LinkedList_Circul.c(16,27): error C2143: 구문 오류: '{'이(가) '*' 앞에 없습니다.
C:\Code_work\C\C_Library\C_Library\C_Library\LinkedList_Circul.c(16,42): error C2143: 구문 오류: ';'이(가) '*' 앞에 없습니다.
C:\Code_work\C\C_Library\C_Library\C_Library\LinkedList_Circul.c(16,50): error C2059: 구문 오류: ')'
C:\Code_work\C\C_Library\C_Library\C_Library\LinkedList_Circul.c(17,11): error C2143: 구문 오류: '{'이(가) '*' 앞에 없습니다.
C:\Code_work\C\C_Library\C_Library\C_Library\LinkedList_Circul.c(17,34): error C2143: 구문 오류: ')'이(가) '*' 앞에 없습니다.
C:\Code_work\C\C_Library\C_Library\C_Library\LinkedList_Circul.c(17,34): error C2143: 구문 오류: '{'이(가) '*' 앞에 없습니다.
C:\Code_work\C\C_Library\C_Library\C_Library\LinkedList_Circul.c(17,43): error C2059: 구문 오류: '형식'
C:\Code_work\C\C_Library\C_Library\C_Library\LinkedList_Circul.c(17,47): error C2059: 구문 오류: ')'
C:\Code_work\C\C_Library\C_Library\C_Library\LinkedList_Circul.c(20,18): error C2065: 'head': 선언되지 않은 식별자입니다.
C:\Code_work\C\C_Library\C_Library\C_Library\LinkedList_Circul.c(20,12): warning C4552: '*': 식의 결과가 사용되지 않습니다.
C:\Code_work\C\C_Library\C_Library\C_Library\LinkedList_Circul.c(22,2): warning C4013: 'insertFirstNode'이(가) 정의되지 않았습니다. extern은 int형을 반환하는 것으로 간주합니다.
C:\Code_work\C\C_Library\C_Library\C_Library\LinkedList_Circul.c(22,22): error C2065: 'head': 선언되지 않은 식별자입니다.
C:\Code_work\C\C_Library\C_Library\C_Library\LinkedList_Circul.c(23,2): warning C4013: 'insertLastNode'이(가) 정의되지 않았습니다. extern은 int형을 반환하는 것으로 간주합니다.
C:\Code_work\C\C_Library\C_Library\C_Library\LinkedList_Circul.c(23,21): error C2065: 'head': 선언되지 않은 식별자입니다.
C:\Code_work\C\C_Library\C_Library\C_Library\LinkedList_Circul.c(24,21): error C2065: 'head': 선언되지 않은 식별자입니다.
C:\Code_work\C\C_Library\C_Library\C_Library\LinkedList_Circul.c(25,2): warning C4013: 'insertNode'이(가) 정의되지 않았습니다. extern은 int형을 반환하는 것으로 간주합니다.
C:\Code_work\C\C_Library\C_Library\C_Library\LinkedList_Circul.c(25,17): error C2065: 'head': 선언되지 않은 식별자입니다.
C:\Code_work\C\C_Library\C_Library\C_Library\LinkedList_Circul.c(25,19): warning C4013: 'searchNode'이(가) 정의되지 않았습니다. extern은 int형을 반환하는 것으로 간주합니다.
C:\Code_work\C\C_Library\C_Library\C_Library\LinkedList_Circul.c(25,34): error C2065: 'head': 선언되지 않은 식별자입니다.
C:\Code_work\C\C_Library\C_Library\C_Library\LinkedList_Circul.c(26,2): warning C4013: 'printLinkedList'이(가) 정의되지 않았습니다. extern은 int형을 반환하는 것으로 간주합니다.
C:\Code_work\C\C_Library\C_Library\C_Library\LinkedList_Circul.c(26,22): error C2065: 'head': 선언되지 않은 식별자입니다.
C:\Code_work\C\C_Library\C_Library\C_Library\LinkedList_Circul.c(27,2): warning C4013: 'deleteNode'이(가) 정의되지 않았습니다. extern은 int형을 반환하는 것으로 간주합니다.
C:\Code_work\C\C_Library\C_Library\C_Library\LinkedList_Circul.c(27,17): error C2065: 'head': 선언되지 않은 식별자입니다.
C:\Code_work\C\C_Library\C_Library\C_Library\LinkedList_Circul.c(27,34): error C2065: 'head': 선언되지 않은 식별자입니다.
C:\Code_work\C\C_Library\C_Library\C_Library\LinkedList_Circul.c(28,22): error C2065: 'head': 선언되지 않은 식별자입니다.
C:\Code_work\C\C_Library\C_Library\C_Library\LinkedList_Circul.c(32,11): error C2143: 구문 오류: '{'이(가) '*' 앞에 없습니다.
C:\Code_work\C\C_Library\C_Library\C_Library\LinkedList_Circul.c(33,12): error C2297: '*': 오른쪽 피연산자의 유형이 'int *'이므로 유효하지 않습니다.
C:\Code_work\C\C_Library\C_Library\C_Library\LinkedList_Circul.c(39,32): error C2143: 구문 오류: ')'이(가) '*' 앞에 없습니다.
C:\Code_work\C\C_Library\C_Library\C_Library\LinkedList_Circul.c(39,32): error C2143: 구문 오류: '{'이(가) '*' 앞에 없습니다.
C:\Code_work\C\C_Library\C_Library\C_Library\LinkedList_Circul.c(39,35): error C2059: 구문 오류: ')'
C:\Code_work\C\C_Library\C_Library\C_Library\LinkedList_Circul.c(39,37): error C2054: 'h' 다음에 '('가 필요합니다.
C:\Code_work\C\C_Library\C_Library\C_Library\LinkedList_Circul.c(51,32): error C2143: 구문 오류: ')'이(가) '*' 앞에 없습니다.
C:\Code_work\C\C_Library\C_Library\C_Library\LinkedList_Circul.c(51,32): error C2143: 구문 오류: '{'이(가) '*' 앞에 없습니다.
C:\Code_work\C\C_Library\C_Library\C_Library\LinkedList_Circul.c(51,41): error C2059: 구문 오류: '형식'
C:\Code_work\C\C_Library\C_Library\C_Library\LinkedList_Circul.c(51,45): error C2059: 구문 오류: ')'
C:\Code_work\C\C_Library\C_Library\C_Library\LinkedList_Circul.c(65,27): error C2143: 구문 오류: ')'이(가) '*' 앞에 없습니다.
C:\Code_work\C\C_Library\C_Library\C_Library\LinkedList_Circul.c(65,27): error C2143: 구문 오류: '{'이(가) '*' 앞에 없습니다.
C:\Code_work\C\C_Library\C_Library\C_Library\LinkedList_Circul.c(65,42): error C2143: 구문 오류: ';'이(가) '*' 앞에 없습니다.
C:\Code_work\C\C_Library\C_Library\C_Library\LinkedList_Circul.c(65,53): error C2059: 구문 오류: '형식'
C:\Code_work\C\C_Library\C_Library\C_Library\LinkedList_Circul.c(65,57): error C2059: 구문 오류: ')'
C:\Code_work\C\C_Library\C_Library\C_Library\LinkedList_Circul.c(79,31): error C2143: 구문 오류: ')'이(가) '*' 앞에 없습니다.
C:\Code_work\C\C_Library\C_Library\C_Library\LinkedList_Circul.c(79,31): error C2143: 구문 오류: '{'이(가) '*' 앞에 없습니다.
C:\Code_work\C\C_Library\C_Library\C_Library\LinkedList_Circul.c(79,40): error C2059: 구문 오류: '형식'
C:\Code_work\C\C_Library\C_Library\C_Library\LinkedList_Circul.c(79,44): error C2059: 구문 오류: ')'
C:\Code_work\C\C_Library\C_Library\C_Library\LinkedList_Circul.c(94,27): error C2143: 구문 오류: ')'이(가) '*' 앞에 없습니다.
C:\Code_work\C\C_Library\C_Library\C_Library\LinkedList_Circul.c(94,27): error C2143: 구문 오류: '{'이(가) '*' 앞에 없습니다.
C:\Code_work\C\C_Library\C_Library\C_Library\LinkedList_Circul.c(94,42): error C2143: 구문 오류: ';'이(가) '*' 앞에 없습니다.
C:\Code_work\C\C_Library\C_Library\C_Library\LinkedList_Circul.c(94,50): error C2059: 구문 오류: ')'
C:\Code_work\C\C_Library\C_Library\C_Library\LinkedList_Circul.c(94,52): error C2054: 'target' 다음에 '('가 필요합니다.
C:\Code_work\C\C_Library\C_Library\C_Library\LinkedList_Circul.c(115,11): error C2143: 구문 오류: '{'이(가) '*' 앞에 없습니다.
C:\Code_work\C\C_Library\C_Library\C_Library\LinkedList_Circul.c(115,34): error C2143: 구문 오류: ')'이(가) '*' 앞에 없습니다.
C:\Code_work\C\C_Library\C_Library\C_Library\LinkedList_Circul.c(115,34): error C2143: 구문 오류: '{'이(가) '*' 앞에 없습니다.
C:\Code_work\C\C_Library\C_Library\C_Library\LinkedList_Circul.c(115,43): error C2059: 구문 오류: '형식'
C:\Code_work\C\C_Library\C_Library\C_Library\LinkedList_Circul.c(115,47): error C2059: 구문 오류: ')'
